<?xml version="1.0" encoding="UTF-8"?>
<!-- Generated by org.testng.reporters.JUnitXMLReporter -->
<testsuite ignored="0" hostname="DESKTOP-O1227MB" failures="0" tests="17" name="Default test" time="232.439" errors="0" timestamp="2023-01-21T15:17:40 MST">
  <testcase classname="tests.TestScript" name="test01" time="11.566"/>
  <testcase classname="tests.TestScript" name="test02" time="7.937"/>
  <testcase classname="tests.TestScript" name="test03" time="3.23"/>
  <testcase classname="tests.TestScript" name="test04" time="1.612"/>
  <testcase classname="tests.TestScript" name="test05" time="23.6"/>
  <testcase classname="tests.TestScript" name="test06" time="1.368"/>
  <testcase classname="tests.TestScript" name="test07" time="9.474"/>
  <testcase classname="tests.TestScript" name="test08" time="7.788"/>
  <testcase classname="tests.TestScript" name="test09" time="8.926"/>
  <testcase classname="tests.TestScript" name="test10" time="2.468"/>
  <testcase classname="tests.TestScript" name="test11" time="3.732"/>
  <testcase classname="tests.TestScript" name="test12" time="3.771"/>
  <testcase classname="tests.TestScript" name="test13" time="3.682"/>
  <testcase classname="tests.TestScript" name="test14" time="2.833"/>
  <testcase classname="tests.TestScript" name="test15" time="2.022"/>
  <testcase classname="tests.TestScript" name="test16" time="0.786"/>
  <testcase classname="tests.TestScript" name="test17" time="0.474"/>
</testsuite> <!-- Default test -->
