<?xml version="1.0" encoding="UTF-8"?>
<testng-results ignored="0" total="17" passed="17" failed="0" skipped="0">
  <reporter-output>
  </reporter-output>
  <suite started-at="2023-01-21T15:13:47 MST" name="Default suite" finished-at="2023-01-21T15:17:40 MST" duration-ms="232439">
    <groups>
    </groups>
    <test started-at="2023-01-21T15:13:47 MST" name="Default test" finished-at="2023-01-21T15:17:40 MST" duration-ms="232439">
      <class name="tests.TestScript">
        <test-method is-config="true" signature="startReporter()[pri:0, instance:tests.TestScript@6f27a732]" started-at="2023-01-21T15:13:47 MST" name="startReporter" finished-at="2023-01-21T15:13:47 MST" duration-ms="369" status="PASS">
          <reporter-output>
          </reporter-output>
        </test-method> <!-- startReporter -->
        <test-method is-config="true" signature="setUp(java.lang.reflect.Method)[pri:0, instance:tests.TestScript@6f27a732]" started-at="2023-01-21T15:13:47 MST" name="setUp" finished-at="2023-01-21T15:13:54 MST" duration-ms="6576" status="PASS">
          <params>
            <param index="0">
              <value>
                <![CDATA[public void tests.TestScript.test01()]]>
              </value>
            </param>
          </params>
          <reporter-output>
          </reporter-output>
        </test-method> <!-- setUp -->
        <test-method is-config="true" signature="localSetUp()[pri:0, instance:tests.TestScript@6f27a732]" started-at="2023-01-21T15:13:54 MST" name="localSetUp" finished-at="2023-01-21T15:13:54 MST" duration-ms="39" status="PASS">
          <reporter-output>
          </reporter-output>
        </test-method> <!-- localSetUp -->
        <test-method signature="test01()[pri:0, instance:tests.TestScript@6f27a732]" started-at="2023-01-21T15:13:54 MST" name="test01" finished-at="2023-01-21T15:14:06 MST" duration-ms="11566" status="PASS">
          <reporter-output>
          </reporter-output>
        </test-method> <!-- test01 -->
        <test-method is-config="true" signature="tearDown(org.testng.ITestResult)[pri:0, instance:tests.TestScript@6f27a732]" started-at="2023-01-21T15:14:06 MST" name="tearDown" finished-at="2023-01-21T15:14:08 MST" duration-ms="2483" status="PASS">
          <params>
            <param index="0">
              <value>
                <![CDATA[[TestResult name=test01 status=SUCCESS method=TestScript.test01()[pri:0, instance:tests.TestScript@6f27a732] output={null}]]]>
              </value>
            </param>
          </params>
          <reporter-output>
          </reporter-output>
        </test-method> <!-- tearDown -->
        <test-method is-config="true" signature="setUp(java.lang.reflect.Method)[pri:0, instance:tests.TestScript@6f27a732]" started-at="2023-01-21T15:14:08 MST" name="setUp" finished-at="2023-01-21T15:14:18 MST" duration-ms="9682" status="PASS">
          <params>
            <param index="0">
              <value>
                <![CDATA[public void tests.TestScript.test02()]]>
              </value>
            </param>
          </params>
          <reporter-output>
          </reporter-output>
        </test-method> <!-- setUp -->
        <test-method is-config="true" signature="localSetUp()[pri:0, instance:tests.TestScript@6f27a732]" started-at="2023-01-21T15:14:18 MST" name="localSetUp" finished-at="2023-01-21T15:14:18 MST" duration-ms="3" status="PASS">
          <reporter-output>
          </reporter-output>
        </test-method> <!-- localSetUp -->
        <test-method signature="test02()[pri:0, instance:tests.TestScript@6f27a732]" started-at="2023-01-21T15:14:18 MST" name="test02" finished-at="2023-01-21T15:14:26 MST" duration-ms="7937" status="PASS">
          <reporter-output>
          </reporter-output>
        </test-method> <!-- test02 -->
        <test-method is-config="true" signature="tearDown(org.testng.ITestResult)[pri:0, instance:tests.TestScript@6f27a732]" started-at="2023-01-21T15:14:26 MST" name="tearDown" finished-at="2023-01-21T15:14:28 MST" duration-ms="1871" status="PASS">
          <params>
            <param index="0">
              <value>
                <![CDATA[[TestResult name=test02 status=SUCCESS method=TestScript.test02()[pri:0, instance:tests.TestScript@6f27a732] output={null}]]]>
              </value>
            </param>
          </params>
          <reporter-output>
          </reporter-output>
        </test-method> <!-- tearDown -->
        <test-method is-config="true" signature="setUp(java.lang.reflect.Method)[pri:0, instance:tests.TestScript@6f27a732]" started-at="2023-01-21T15:14:28 MST" name="setUp" finished-at="2023-01-21T15:14:36 MST" duration-ms="8337" status="PASS">
          <params>
            <param index="0">
              <value>
                <![CDATA[public void tests.TestScript.test03()]]>
              </value>
            </param>
          </params>
          <reporter-output>
          </reporter-output>
        </test-method> <!-- setUp -->
        <test-method is-config="true" signature="localSetUp()[pri:0, instance:tests.TestScript@6f27a732]" started-at="2023-01-21T15:14:36 MST" name="localSetUp" finished-at="2023-01-21T15:14:36 MST" duration-ms="2" status="PASS">
          <reporter-output>
          </reporter-output>
        </test-method> <!-- localSetUp -->
        <test-method signature="test03()[pri:0, instance:tests.TestScript@6f27a732]" started-at="2023-01-21T15:14:36 MST" name="test03" finished-at="2023-01-21T15:14:39 MST" duration-ms="3230" status="PASS">
          <reporter-output>
          </reporter-output>
        </test-method> <!-- test03 -->
        <test-method is-config="true" signature="tearDown(org.testng.ITestResult)[pri:0, instance:tests.TestScript@6f27a732]" started-at="2023-01-21T15:14:39 MST" name="tearDown" finished-at="2023-01-21T15:14:41 MST" duration-ms="1642" status="PASS">
          <params>
            <param index="0">
              <value>
                <![CDATA[[TestResult name=test03 status=SUCCESS method=TestScript.test03()[pri:0, instance:tests.TestScript@6f27a732] output={null}]]]>
              </value>
            </param>
          </params>
          <reporter-output>
          </reporter-output>
        </test-method> <!-- tearDown -->
        <test-method is-config="true" signature="setUp(java.lang.reflect.Method)[pri:0, instance:tests.TestScript@6f27a732]" started-at="2023-01-21T15:14:41 MST" name="setUp" finished-at="2023-01-21T15:14:46 MST" duration-ms="5593" status="PASS">
          <params>
            <param index="0">
              <value>
                <![CDATA[public void tests.TestScript.test04()]]>
              </value>
            </param>
          </params>
          <reporter-output>
          </reporter-output>
        </test-method> <!-- setUp -->
        <test-method is-config="true" signature="localSetUp()[pri:0, instance:tests.TestScript@6f27a732]" started-at="2023-01-21T15:14:46 MST" name="localSetUp" finished-at="2023-01-21T15:14:46 MST" duration-ms="3" status="PASS">
          <reporter-output>
          </reporter-output>
        </test-method> <!-- localSetUp -->
        <test-method signature="test04()[pri:0, instance:tests.TestScript@6f27a732]" started-at="2023-01-21T15:14:46 MST" name="test04" finished-at="2023-01-21T15:14:48 MST" duration-ms="1612" status="PASS">
          <reporter-output>
          </reporter-output>
        </test-method> <!-- test04 -->
        <test-method is-config="true" signature="tearDown(org.testng.ITestResult)[pri:0, instance:tests.TestScript@6f27a732]" started-at="2023-01-21T15:14:48 MST" name="tearDown" finished-at="2023-01-21T15:14:50 MST" duration-ms="1941" status="PASS">
          <params>
            <param index="0">
              <value>
                <![CDATA[[TestResult name=test04 status=SUCCESS method=TestScript.test04()[pri:0, instance:tests.TestScript@6f27a732] output={null}]]]>
              </value>
            </param>
          </params>
          <reporter-output>
          </reporter-output>
        </test-method> <!-- tearDown -->
        <test-method is-config="true" signature="setUp(java.lang.reflect.Method)[pri:0, instance:tests.TestScript@6f27a732]" started-at="2023-01-21T15:14:50 MST" name="setUp" finished-at="2023-01-21T15:14:58 MST" duration-ms="8388" status="PASS">
          <params>
            <param index="0">
              <value>
                <![CDATA[public void tests.TestScript.test05()]]>
              </value>
            </param>
          </params>
          <reporter-output>
          </reporter-output>
        </test-method> <!-- setUp -->
        <test-method is-config="true" signature="localSetUp()[pri:0, instance:tests.TestScript@6f27a732]" started-at="2023-01-21T15:14:58 MST" name="localSetUp" finished-at="2023-01-21T15:14:58 MST" duration-ms="2" status="PASS">
          <reporter-output>
          </reporter-output>
        </test-method> <!-- localSetUp -->
        <test-method signature="test05()[pri:0, instance:tests.TestScript@6f27a732]" started-at="2023-01-21T15:14:58 MST" name="test05" finished-at="2023-01-21T15:15:22 MST" duration-ms="23600" status="PASS">
          <reporter-output>
          </reporter-output>
        </test-method> <!-- test05 -->
        <test-method is-config="true" signature="tearDown(org.testng.ITestResult)[pri:0, instance:tests.TestScript@6f27a732]" started-at="2023-01-21T15:15:22 MST" name="tearDown" finished-at="2023-01-21T15:15:24 MST" duration-ms="1665" status="PASS">
          <params>
            <param index="0">
              <value>
                <![CDATA[[TestResult name=test05 status=SUCCESS method=TestScript.test05()[pri:0, instance:tests.TestScript@6f27a732] output={null}]]]>
              </value>
            </param>
          </params>
          <reporter-output>
          </reporter-output>
        </test-method> <!-- tearDown -->
        <test-method is-config="true" signature="setUp(java.lang.reflect.Method)[pri:0, instance:tests.TestScript@6f27a732]" started-at="2023-01-21T15:15:24 MST" name="setUp" finished-at="2023-01-21T15:15:29 MST" duration-ms="5409" status="PASS">
          <params>
            <param index="0">
              <value>
                <![CDATA[public void tests.TestScript.test06()]]>
              </value>
            </param>
          </params>
          <reporter-output>
          </reporter-output>
        </test-method> <!-- setUp -->
        <test-method is-config="true" signature="localSetUp()[pri:0, instance:tests.TestScript@6f27a732]" started-at="2023-01-21T15:15:29 MST" name="localSetUp" finished-at="2023-01-21T15:15:29 MST" duration-ms="4" status="PASS">
          <reporter-output>
          </reporter-output>
        </test-method> <!-- localSetUp -->
        <test-method signature="test06()[pri:0, instance:tests.TestScript@6f27a732]" started-at="2023-01-21T15:15:29 MST" name="test06" finished-at="2023-01-21T15:15:30 MST" duration-ms="1368" status="PASS">
          <reporter-output>
          </reporter-output>
        </test-method> <!-- test06 -->
        <test-method is-config="true" signature="tearDown(org.testng.ITestResult)[pri:0, instance:tests.TestScript@6f27a732]" started-at="2023-01-21T15:15:30 MST" name="tearDown" finished-at="2023-01-21T15:15:32 MST" duration-ms="1349" status="PASS">
          <params>
            <param index="0">
              <value>
                <![CDATA[[TestResult name=test06 status=SUCCESS method=TestScript.test06()[pri:0, instance:tests.TestScript@6f27a732] output={null}]]]>
              </value>
            </param>
          </params>
          <reporter-output>
          </reporter-output>
        </test-method> <!-- tearDown -->
        <test-method is-config="true" signature="setUp(java.lang.reflect.Method)[pri:0, instance:tests.TestScript@6f27a732]" started-at="2023-01-21T15:15:32 MST" name="setUp" finished-at="2023-01-21T15:15:37 MST" duration-ms="5044" status="PASS">
          <params>
            <param index="0">
              <value>
                <![CDATA[public void tests.TestScript.test07()]]>
              </value>
            </param>
          </params>
          <reporter-output>
          </reporter-output>
        </test-method> <!-- setUp -->
        <test-method is-config="true" signature="localSetUp()[pri:0, instance:tests.TestScript@6f27a732]" started-at="2023-01-21T15:15:37 MST" name="localSetUp" finished-at="2023-01-21T15:15:37 MST" duration-ms="6" status="PASS">
          <reporter-output>
          </reporter-output>
        </test-method> <!-- localSetUp -->
        <test-method signature="test07()[pri:0, instance:tests.TestScript@6f27a732]" started-at="2023-01-21T15:15:37 MST" name="test07" finished-at="2023-01-21T15:15:46 MST" duration-ms="9474" status="PASS">
          <reporter-output>
          </reporter-output>
        </test-method> <!-- test07 -->
        <test-method is-config="true" signature="tearDown(org.testng.ITestResult)[pri:0, instance:tests.TestScript@6f27a732]" started-at="2023-01-21T15:15:46 MST" name="tearDown" finished-at="2023-01-21T15:15:48 MST" duration-ms="2185" status="PASS">
          <params>
            <param index="0">
              <value>
                <![CDATA[[TestResult name=test07 status=SUCCESS method=TestScript.test07()[pri:0, instance:tests.TestScript@6f27a732] output={null}]]]>
              </value>
            </param>
          </params>
          <reporter-output>
          </reporter-output>
        </test-method> <!-- tearDown -->
        <test-method is-config="true" signature="setUp(java.lang.reflect.Method)[pri:0, instance:tests.TestScript@6f27a732]" started-at="2023-01-21T15:15:48 MST" name="setUp" finished-at="2023-01-21T15:15:53 MST" duration-ms="5104" status="PASS">
          <params>
            <param index="0">
              <value>
                <![CDATA[public void tests.TestScript.test08()]]>
              </value>
            </param>
          </params>
          <reporter-output>
          </reporter-output>
        </test-method> <!-- setUp -->
        <test-method is-config="true" signature="localSetUp()[pri:0, instance:tests.TestScript@6f27a732]" started-at="2023-01-21T15:15:53 MST" name="localSetUp" finished-at="2023-01-21T15:15:54 MST" duration-ms="3" status="PASS">
          <reporter-output>
          </reporter-output>
        </test-method> <!-- localSetUp -->
        <test-method signature="test08()[pri:0, instance:tests.TestScript@6f27a732]" started-at="2023-01-21T15:15:54 MST" name="test08" finished-at="2023-01-21T15:16:01 MST" duration-ms="7788" status="PASS">
          <reporter-output>
          </reporter-output>
        </test-method> <!-- test08 -->
        <test-method is-config="true" signature="tearDown(org.testng.ITestResult)[pri:0, instance:tests.TestScript@6f27a732]" started-at="2023-01-21T15:16:01 MST" name="tearDown" finished-at="2023-01-21T15:16:03 MST" duration-ms="2026" status="PASS">
          <params>
            <param index="0">
              <value>
                <![CDATA[[TestResult name=test08 status=SUCCESS method=TestScript.test08()[pri:0, instance:tests.TestScript@6f27a732] output={null}]]]>
              </value>
            </param>
          </params>
          <reporter-output>
          </reporter-output>
        </test-method> <!-- tearDown -->
        <test-method is-config="true" signature="setUp(java.lang.reflect.Method)[pri:0, instance:tests.TestScript@6f27a732]" started-at="2023-01-21T15:16:03 MST" name="setUp" finished-at="2023-01-21T15:16:09 MST" duration-ms="6147" status="PASS">
          <params>
            <param index="0">
              <value>
                <![CDATA[public void tests.TestScript.test09()]]>
              </value>
            </param>
          </params>
          <reporter-output>
          </reporter-output>
        </test-method> <!-- setUp -->
        <test-method is-config="true" signature="localSetUp()[pri:0, instance:tests.TestScript@6f27a732]" started-at="2023-01-21T15:16:09 MST" name="localSetUp" finished-at="2023-01-21T15:16:09 MST" duration-ms="4" status="PASS">
          <reporter-output>
          </reporter-output>
        </test-method> <!-- localSetUp -->
        <test-method signature="test09()[pri:0, instance:tests.TestScript@6f27a732]" started-at="2023-01-21T15:16:09 MST" name="test09" finished-at="2023-01-21T15:16:18 MST" duration-ms="8926" status="PASS">
          <reporter-output>
          </reporter-output>
        </test-method> <!-- test09 -->
        <test-method is-config="true" signature="tearDown(org.testng.ITestResult)[pri:0, instance:tests.TestScript@6f27a732]" started-at="2023-01-21T15:16:18 MST" name="tearDown" finished-at="2023-01-21T15:16:20 MST" duration-ms="1359" status="PASS">
          <params>
            <param index="0">
              <value>
                <![CDATA[[TestResult name=test09 status=SUCCESS method=TestScript.test09()[pri:0, instance:tests.TestScript@6f27a732] output={null}]]]>
              </value>
            </param>
          </params>
          <reporter-output>
          </reporter-output>
        </test-method> <!-- tearDown -->
        <test-method is-config="true" signature="setUp(java.lang.reflect.Method)[pri:0, instance:tests.TestScript@6f27a732]" started-at="2023-01-21T15:16:20 MST" name="setUp" finished-at="2023-01-21T15:16:26 MST" duration-ms="6240" status="PASS">
          <params>
            <param index="0">
              <value>
                <![CDATA[public void tests.TestScript.test10()]]>
              </value>
            </param>
          </params>
          <reporter-output>
          </reporter-output>
        </test-method> <!-- setUp -->
        <test-method is-config="true" signature="localSetUp()[pri:0, instance:tests.TestScript@6f27a732]" started-at="2023-01-21T15:16:26 MST" name="localSetUp" finished-at="2023-01-21T15:16:26 MST" duration-ms="3" status="PASS">
          <reporter-output>
          </reporter-output>
        </test-method> <!-- localSetUp -->
        <test-method signature="test10()[pri:0, instance:tests.TestScript@6f27a732]" started-at="2023-01-21T15:16:26 MST" name="test10" finished-at="2023-01-21T15:16:28 MST" duration-ms="2468" status="PASS">
          <reporter-output>
          </reporter-output>
        </test-method> <!-- test10 -->
        <test-method is-config="true" signature="tearDown(org.testng.ITestResult)[pri:0, instance:tests.TestScript@6f27a732]" started-at="2023-01-21T15:16:28 MST" name="tearDown" finished-at="2023-01-21T15:16:30 MST" duration-ms="1591" status="PASS">
          <params>
            <param index="0">
              <value>
                <![CDATA[[TestResult name=test10 status=SUCCESS method=TestScript.test10()[pri:0, instance:tests.TestScript@6f27a732] output={null}]]]>
              </value>
            </param>
          </params>
          <reporter-output>
          </reporter-output>
        </test-method> <!-- tearDown -->
        <test-method is-config="true" signature="setUp(java.lang.reflect.Method)[pri:0, instance:tests.TestScript@6f27a732]" started-at="2023-01-21T15:16:30 MST" name="setUp" finished-at="2023-01-21T15:16:36 MST" duration-ms="6201" status="PASS">
          <params>
            <param index="0">
              <value>
                <![CDATA[public void tests.TestScript.test11()]]>
              </value>
            </param>
          </params>
          <reporter-output>
          </reporter-output>
        </test-method> <!-- setUp -->
        <test-method is-config="true" signature="localSetUp()[pri:0, instance:tests.TestScript@6f27a732]" started-at="2023-01-21T15:16:36 MST" name="localSetUp" finished-at="2023-01-21T15:16:36 MST" duration-ms="3" status="PASS">
          <reporter-output>
          </reporter-output>
        </test-method> <!-- localSetUp -->
        <test-method signature="test11()[pri:0, instance:tests.TestScript@6f27a732]" started-at="2023-01-21T15:16:36 MST" name="test11" finished-at="2023-01-21T15:16:40 MST" duration-ms="3732" status="PASS">
          <reporter-output>
          </reporter-output>
        </test-method> <!-- test11 -->
        <test-method is-config="true" signature="tearDown(org.testng.ITestResult)[pri:0, instance:tests.TestScript@6f27a732]" started-at="2023-01-21T15:16:40 MST" name="tearDown" finished-at="2023-01-21T15:16:41 MST" duration-ms="1239" status="PASS">
          <params>
            <param index="0">
              <value>
                <![CDATA[[TestResult name=test11 status=SUCCESS method=TestScript.test11()[pri:0, instance:tests.TestScript@6f27a732] output={null}]]]>
              </value>
            </param>
          </params>
          <reporter-output>
          </reporter-output>
        </test-method> <!-- tearDown -->
        <test-method is-config="true" signature="setUp(java.lang.reflect.Method)[pri:0, instance:tests.TestScript@6f27a732]" started-at="2023-01-21T15:16:41 MST" name="setUp" finished-at="2023-01-21T15:16:49 MST" duration-ms="7463" status="PASS">
          <params>
            <param index="0">
              <value>
                <![CDATA[public void tests.TestScript.test12()]]>
              </value>
            </param>
          </params>
          <reporter-output>
          </reporter-output>
        </test-method> <!-- setUp -->
        <test-method is-config="true" signature="localSetUp()[pri:0, instance:tests.TestScript@6f27a732]" started-at="2023-01-21T15:16:49 MST" name="localSetUp" finished-at="2023-01-21T15:16:49 MST" duration-ms="2" status="PASS">
          <reporter-output>
          </reporter-output>
        </test-method> <!-- localSetUp -->
        <test-method signature="test12()[pri:0, instance:tests.TestScript@6f27a732]" started-at="2023-01-21T15:16:49 MST" name="test12" finished-at="2023-01-21T15:16:52 MST" duration-ms="3771" status="PASS">
          <reporter-output>
          </reporter-output>
        </test-method> <!-- test12 -->
        <test-method is-config="true" signature="tearDown(org.testng.ITestResult)[pri:0, instance:tests.TestScript@6f27a732]" started-at="2023-01-21T15:16:52 MST" name="tearDown" finished-at="2023-01-21T15:16:54 MST" duration-ms="1382" status="PASS">
          <params>
            <param index="0">
              <value>
                <![CDATA[[TestResult name=test12 status=SUCCESS method=TestScript.test12()[pri:0, instance:tests.TestScript@6f27a732] output={null}]]]>
              </value>
            </param>
          </params>
          <reporter-output>
          </reporter-output>
        </test-method> <!-- tearDown -->
        <test-method is-config="true" signature="setUp(java.lang.reflect.Method)[pri:0, instance:tests.TestScript@6f27a732]" started-at="2023-01-21T15:16:54 MST" name="setUp" finished-at="2023-01-21T15:17:00 MST" duration-ms="5820" status="PASS">
          <params>
            <param index="0">
              <value>
                <![CDATA[public void tests.TestScript.test13()]]>
              </value>
            </param>
          </params>
          <reporter-output>
          </reporter-output>
        </test-method> <!-- setUp -->
        <test-method is-config="true" signature="localSetUp()[pri:0, instance:tests.TestScript@6f27a732]" started-at="2023-01-21T15:17:00 MST" name="localSetUp" finished-at="2023-01-21T15:17:00 MST" duration-ms="2" status="PASS">
          <reporter-output>
          </reporter-output>
        </test-method> <!-- localSetUp -->
        <test-method signature="test13()[pri:0, instance:tests.TestScript@6f27a732]" started-at="2023-01-21T15:17:00 MST" name="test13" finished-at="2023-01-21T15:17:03 MST" duration-ms="3682" status="PASS">
          <reporter-output>
          </reporter-output>
        </test-method> <!-- test13 -->
        <test-method is-config="true" signature="tearDown(org.testng.ITestResult)[pri:0, instance:tests.TestScript@6f27a732]" started-at="2023-01-21T15:17:03 MST" name="tearDown" finished-at="2023-01-21T15:17:05 MST" duration-ms="1242" status="PASS">
          <params>
            <param index="0">
              <value>
                <![CDATA[[TestResult name=test13 status=SUCCESS method=TestScript.test13()[pri:0, instance:tests.TestScript@6f27a732] output={null}]]]>
              </value>
            </param>
          </params>
          <reporter-output>
          </reporter-output>
        </test-method> <!-- tearDown -->
        <test-method is-config="true" signature="setUp(java.lang.reflect.Method)[pri:0, instance:tests.TestScript@6f27a732]" started-at="2023-01-21T15:17:05 MST" name="setUp" finished-at="2023-01-21T15:17:10 MST" duration-ms="5785" status="PASS">
          <params>
            <param index="0">
              <value>
                <![CDATA[public void tests.TestScript.test14()]]>
              </value>
            </param>
          </params>
          <reporter-output>
          </reporter-output>
        </test-method> <!-- setUp -->
        <test-method is-config="true" signature="localSetUp()[pri:0, instance:tests.TestScript@6f27a732]" started-at="2023-01-21T15:17:10 MST" name="localSetUp" finished-at="2023-01-21T15:17:10 MST" duration-ms="2" status="PASS">
          <reporter-output>
          </reporter-output>
        </test-method> <!-- localSetUp -->
        <test-method signature="test14()[pri:0, instance:tests.TestScript@6f27a732]" started-at="2023-01-21T15:17:10 MST" name="test14" description="Mouse Hover" finished-at="2023-01-21T15:17:13 MST" duration-ms="2833" status="PASS">
          <reporter-output>
          </reporter-output>
        </test-method> <!-- test14 -->
        <test-method is-config="true" signature="tearDown(org.testng.ITestResult)[pri:0, instance:tests.TestScript@6f27a732]" started-at="2023-01-21T15:17:13 MST" name="tearDown" finished-at="2023-01-21T15:17:15 MST" duration-ms="1447" status="PASS">
          <params>
            <param index="0">
              <value>
                <![CDATA[[TestResult name=test14 status=SUCCESS method=TestScript.test14()[pri:0, instance:tests.TestScript@6f27a732] output={null}]]]>
              </value>
            </param>
          </params>
          <reporter-output>
          </reporter-output>
        </test-method> <!-- tearDown -->
        <test-method is-config="true" signature="setUp(java.lang.reflect.Method)[pri:0, instance:tests.TestScript@6f27a732]" started-at="2023-01-21T15:17:15 MST" name="setUp" finished-at="2023-01-21T15:17:21 MST" duration-ms="6396" status="PASS">
          <params>
            <param index="0">
              <value>
                <![CDATA[public void tests.TestScript.test15()]]>
              </value>
            </param>
          </params>
          <reporter-output>
          </reporter-output>
        </test-method> <!-- setUp -->
        <test-method is-config="true" signature="localSetUp()[pri:0, instance:tests.TestScript@6f27a732]" started-at="2023-01-21T15:17:21 MST" name="localSetUp" finished-at="2023-01-21T15:17:21 MST" duration-ms="1" status="PASS">
          <reporter-output>
          </reporter-output>
        </test-method> <!-- localSetUp -->
        <test-method signature="test15()[pri:0, instance:tests.TestScript@6f27a732]" started-at="2023-01-21T15:17:21 MST" name="test15" description="JavaScript Alert" finished-at="2023-01-21T15:17:23 MST" duration-ms="2022" status="PASS">
          <reporter-output>
          </reporter-output>
        </test-method> <!-- test15 -->
        <test-method is-config="true" signature="tearDown(org.testng.ITestResult)[pri:0, instance:tests.TestScript@6f27a732]" started-at="2023-01-21T15:17:23 MST" name="tearDown" finished-at="2023-01-21T15:17:25 MST" duration-ms="1513" status="PASS">
          <params>
            <param index="0">
              <value>
                <![CDATA[[TestResult name=test15 status=SUCCESS method=TestScript.test15()[pri:0, instance:tests.TestScript@6f27a732] output={null}]]]>
              </value>
            </param>
          </params>
          <reporter-output>
          </reporter-output>
        </test-method> <!-- tearDown -->
        <test-method is-config="true" signature="setUp(java.lang.reflect.Method)[pri:0, instance:tests.TestScript@6f27a732]" started-at="2023-01-21T15:17:25 MST" name="setUp" finished-at="2023-01-21T15:17:31 MST" duration-ms="6035" status="PASS">
          <params>
            <param index="0">
              <value>
                <![CDATA[public void tests.TestScript.test16()]]>
              </value>
            </param>
          </params>
          <reporter-output>
          </reporter-output>
        </test-method> <!-- setUp -->
        <test-method is-config="true" signature="localSetUp()[pri:0, instance:tests.TestScript@6f27a732]" started-at="2023-01-21T15:17:31 MST" name="localSetUp" finished-at="2023-01-21T15:17:31 MST" duration-ms="2" status="PASS">
          <reporter-output>
          </reporter-output>
        </test-method> <!-- localSetUp -->
        <test-method signature="test16()[pri:0, instance:tests.TestScript@6f27a732]" started-at="2023-01-21T15:17:31 MST" name="test16" description="JavaScript Error" finished-at="2023-01-21T15:17:31 MST" duration-ms="786" status="PASS">
          <reporter-output>
          </reporter-output>
        </test-method> <!-- test16 -->
        <test-method is-config="true" signature="tearDown(org.testng.ITestResult)[pri:0, instance:tests.TestScript@6f27a732]" started-at="2023-01-21T15:17:31 MST" name="tearDown" finished-at="2023-01-21T15:17:33 MST" duration-ms="1186" status="PASS">
          <params>
            <param index="0">
              <value>
                <![CDATA[[TestResult name=test16 status=SUCCESS method=TestScript.test16()[pri:0, instance:tests.TestScript@6f27a732] output={null}]]]>
              </value>
            </param>
          </params>
          <reporter-output>
          </reporter-output>
        </test-method> <!-- tearDown -->
        <test-method is-config="true" signature="setUp(java.lang.reflect.Method)[pri:0, instance:tests.TestScript@6f27a732]" started-at="2023-01-21T15:17:33 MST" name="setUp" finished-at="2023-01-21T15:17:38 MST" duration-ms="5315" status="PASS">
          <params>
            <param index="0">
              <value>
                <![CDATA[public void tests.TestScript.test17()]]>
              </value>
            </param>
          </params>
          <reporter-output>
          </reporter-output>
        </test-method> <!-- setUp -->
        <test-method is-config="true" signature="localSetUp()[pri:0, instance:tests.TestScript@6f27a732]" started-at="2023-01-21T15:17:38 MST" name="localSetUp" finished-at="2023-01-21T15:17:38 MST" duration-ms="1" status="PASS">
          <reporter-output>
          </reporter-output>
        </test-method> <!-- localSetUp -->
        <test-method signature="test17()[pri:0, instance:tests.TestScript@6f27a732]" started-at="2023-01-21T15:17:38 MST" name="test17" description="Open in New Tab" finished-at="2023-01-21T15:17:38 MST" duration-ms="474" status="PASS">
          <reporter-output>
          </reporter-output>
        </test-method> <!-- test17 -->
        <test-method is-config="true" signature="tearDown(org.testng.ITestResult)[pri:0, instance:tests.TestScript@6f27a732]" started-at="2023-01-21T15:17:38 MST" name="tearDown" finished-at="2023-01-21T15:17:40 MST" duration-ms="1364" status="PASS">
          <params>
            <param index="0">
              <value>
                <![CDATA[[TestResult name=test17 status=SUCCESS method=TestScript.test17()[pri:0, instance:tests.TestScript@6f27a732] output={null}]]]>
              </value>
            </param>
          </params>
          <reporter-output>
          </reporter-output>
        </test-method> <!-- tearDown -->
        <test-method is-config="true" signature="endReporter()[pri:0, instance:tests.TestScript@6f27a732]" started-at="2023-01-21T15:17:40 MST" name="endReporter" finished-at="2023-01-21T15:17:41 MST" duration-ms="642" status="PASS">
          <reporter-output>
          </reporter-output>
        </test-method> <!-- endReporter -->
      </class> <!-- tests.TestScript -->
    </test> <!-- Default test -->
  </suite> <!-- Default suite -->
</testng-results>
